<?xml version="1.0" encoding="UTF-8"?>
<testsuite name="com.kodilla.testing.library.BookDirectoryTestSuite" tests="6" skipped="0" failures="0" errors="0" timestamp="2018-09-13T10:48:18" hostname="DESKTOP-B7MLSCJ" time="0.024">
  <properties/>
  <testcase name="should_return_list_of_books_which_title_contain_given_fragment" classname="com.kodilla.testing.library.BookDirectoryTestSuite" time="0.008"/>
  <testcase name="should_return_list_with_1_book_if_the_user_has_one_book_from_library" classname="com.kodilla.testing.library.BookDirectoryTestSuite" time="0.01"/>
  <testcase name="should_return_empty_list_if_the_user_has_no_books_from_library" classname="com.kodilla.testing.library.BookDirectoryTestSuite" time="0.001"/>
  <testcase name="should_return_list_with_5_books_if_the_user_has_five_books_from_library" classname="com.kodilla.testing.library.BookDirectoryTestSuite" time="0.0"/>
  <testcase name="should_return_empty_list_of_books_if_given_fragment_is_shorter_than_3" classname="com.kodilla.testing.library.BookDirectoryTestSuite" time="0.002"/>
  <testcase name="should_return_empty_list_of_books_if_result_list_is_more_than_20" classname="com.kodilla.testing.library.BookDirectoryTestSuite" time="0.001"/>
  <system-out><![CDATA[]]></system-out>
  <system-err><![CDATA[]]></system-err>
</testsuite>
