<?xml version="1.0" encoding="UTF-8"?>
<testsuite name="com.kodilla.testing.collection.CollectionTestSuite" tests="2" skipped="0" failures="0" errors="0" timestamp="2018-09-14T08:57:51" hostname="DESKTOP-B7MLSCJ" time="0.005">
  <properties/>
  <testcase name="testOddNumbersExterminatorEmptyList" classname="com.kodilla.testing.collection.CollectionTestSuite" time="0.004"/>
  <testcase name="testOddNumbersExterminatorNormalList" classname="com.kodilla.testing.collection.CollectionTestSuite" time="0.001"/>
  <system-out><![CDATA[Test Suit: begin

Test Case: begin
testOddNumbersExterminatorEmptyList
Test Case: end

Test Case: begin
testOddNumbersExterminatorNormalList
Test Case: end

Test Suit: end
]]></system-out>
  <system-err><![CDATA[]]></system-err>
</testsuite>
